<?xml version="1.0" encoding="UTF-8"?>
<testsuite xmlns:xsi="http://www.w3.org/2001/XMLSchema-instance" xsi:noNamespaceSchemaLocation="https://maven.apache.org/surefire/maven-surefire-plugin/xsd/surefire-test-report-3.0.xsd" version="3.0" name="com.donmba.productservice.ProductServiceApplicationTests" time="20.629" tests="2" errors="0" skipped="0" failures="0">
  <properties>
[...]
</properties>
  <testcase name="shouldCreateProduct" classname="com.donmba.productservice.ProductServiceApplicationTests" time="0.135">
    <system-out><![CDATA[20:27:00.071 [main] INFO org.springframework.test.context.support.AnnotationConfigContextLoaderUtils -- Could not detect default configuration classes for test class [com.donmba.productservice.ProductServiceApplicationTests]: ProductServiceApplicationTests does not declare any static, non-private, non-final, nested classes annotated with @Configuration.
20:27:00.140 [main] INFO org.springframework.boot.test.context.SpringBootTestContextBootstrapper -- Found @SpringBootConfiguration com.donmba.productservice.ProductServiceApplication for test class com.donmba.productservice.ProductServiceApplicationTests
20:27:00.239 [main] INFO org.testcontainers.utility.ImageNameSubstitutor -- Image name substitution will be performed by: DefaultImageNameSubstitutor (composite of 'ConfigurationFileImageNameSubstitutor' and 'PrefixingImageNameSubstitutor')
20:27:00.408 [main] INFO org.testcontainers.dockerclient.DockerClientProviderStrategy -- Loaded org.testcontainers.dockerclient.UnixSocketClientProviderStrategy from ~/.testcontainers.properties, will try it first
20:27:00.603 [main] INFO org.testcontainers.dockerclient.DockerClientProviderStrategy -- Found Docker environment with local Unix socket (unix:///var/run/docker.sock)
20:27:00.604 [main] INFO org.testcontainers.DockerClientFactory -- Docker host IP address is localhost
20:27:00.612 [main] INFO org.testcontainers.DockerClientFactory -- Connected to docker: 
  Server Version: 24.0.6
  API Version: 1.43
  Operating System: Docker Desktop
  Total Memory: 7850 MB
20:27:00.627 [main] INFO tc.testcontainers/ryuk:0.5.1 -- Creating container for image: testcontainers/ryuk:0.5.1
20:27:01.034 [main] INFO org.testcontainers.utility.RegistryAuthLocator -- Credential helper/store (docker-credential-desktop) does not have credentials for https://index.docker.io/v1/
20:27:05.594 [main] INFO tc.testcontainers/ryuk:0.5.1 -- Container testcontainers/ryuk:0.5.1 is starting: f8f37b896401c32593ff03fe7ad827bca42a4c730ec6c76f62695ef9d3cd4a53
20:27:07.485 [main] INFO tc.testcontainers/ryuk:0.5.1 -- Container testcontainers/ryuk:0.5.1 started in PT6.865965S
20:27:07.491 [main] INFO org.testcontainers.utility.RyukResourceReaper -- Ryuk started - will monitor and terminate Testcontainers containers on JVM exit
20:27:07.492 [main] INFO org.testcontainers.DockerClientFactory -- Checking the system...
20:27:07.492 [main] INFO org.testcontainers.DockerClientFactory -- ✔︎ Docker server version should be at least 1.6.0
20:27:07.494 [main] INFO tc.mysql:8.0.30 -- Creating container for image: mysql:8.0.30
20:27:07.557 [main] INFO tc.mysql:8.0.30 -- Container mysql:8.0.30 is starting: 323d99f22db3798ef225458e7c6eeb0c727a0e3831c52aacafd9e6e26ea9207a
20:27:07.727 [main] INFO tc.mysql:8.0.30 -- Waiting for database connection to become available at jdbc:mysql://localhost:50454/testcontainer using query 'SELECT 1'
20:27:17.626 [main] INFO tc.mysql:8.0.30 -- Container mysql:8.0.30 started in PT10.131724S
20:27:17.626 [main] INFO tc.mysql:8.0.30 -- Container is started (JDBC URL: jdbc:mysql://localhost:50454/testcontainer)

  .   ____          _            __ _ _
 /\\ / ___'_ __ _ _(_)_ __  __ _ \ \ \ \
( ( )\___ | '_ | '_| | '_ \/ _` | \ \ \ \
 \\/  ___)| |_)| | | | | || (_| |  ) ) ) )
  '  |____| .__|_| |_|_| |_\__, | / / / /
 =========|_|==============|___/=/_/_/_/
 :: Spring Boot ::                (v3.1.3)

2023-09-20T20:27:17.781+02:00  INFO 1859 --- [           main] c.d.p.ProductServiceApplicationTests     : Starting ProductServiceApplicationTests using Java 20.0.2 with PID 1859 (started by donaldmbara in /Users/donaldmbara/Projects/OMS-microservice/product-service)
2023-09-20T20:27:17.782+02:00  INFO 1859 --- [           main] c.d.p.ProductServiceApplicationTests     : No active profile set, falling back to 1 default profile: "default"
2023-09-20T20:27:18.179+02:00  INFO 1859 --- [           main] .s.d.r.c.RepositoryConfigurationDelegate : Bootstrapping Spring Data JPA repositories in DEFAULT mode.
2023-09-20T20:27:18.214+02:00  INFO 1859 --- [           main] .s.d.r.c.RepositoryConfigurationDelegate : Finished Spring Data repository scanning in 29 ms. Found 1 JPA repository interfaces.
2023-09-20T20:27:19.200+02:00  INFO 1859 --- [           main] o.hibernate.jpa.internal.util.LogHelper  : HHH000204: Processing PersistenceUnitInfo [name: default]
2023-09-20T20:27:19.230+02:00  INFO 1859 --- [           main] org.hibernate.Version                    : HHH000412: Hibernate ORM core version 6.2.7.Final
2023-09-20T20:27:19.231+02:00  INFO 1859 --- [           main] org.hibernate.cfg.Environment            : HHH000406: Using bytecode reflection optimizer
2023-09-20T20:27:19.311+02:00  INFO 1859 --- [           main] o.h.b.i.BytecodeProviderInitiator        : HHH000021: Bytecode provider name : bytebuddy
2023-09-20T20:27:19.317+02:00  INFO 1859 --- [           main] o.s.o.j.p.SpringPersistenceUnitInfo      : No LoadTimeWeaver setup: ignoring JPA class transformer
2023-09-20T20:27:19.328+02:00  INFO 1859 --- [           main] com.zaxxer.hikari.HikariDataSource       : HikariPool-1 - Starting...
2023-09-20T20:27:19.341+02:00  INFO 1859 --- [           main] com.zaxxer.hikari.pool.HikariPool        : HikariPool-1 - Added connection com.mysql.cj.jdbc.ConnectionImpl@2e847e71
2023-09-20T20:27:19.342+02:00  INFO 1859 --- [           main] com.zaxxer.hikari.HikariDataSource       : HikariPool-1 - Start completed.
2023-09-20T20:27:19.364+02:00  WARN 1859 --- [           main] org.hibernate.orm.deprecation            : HHH90000026: MySQL8Dialect has been deprecated; use org.hibernate.dialect.MySQLDialect instead
2023-09-20T20:27:19.488+02:00  INFO 1859 --- [           main] o.h.b.i.BytecodeProviderInitiator        : HHH000021: Bytecode provider name : bytebuddy
2023-09-20T20:27:19.784+02:00  INFO 1859 --- [           main] o.h.e.t.j.p.i.JtaPlatformInitiator       : HHH000490: Using JtaPlatform implementation: [org.hibernate.engine.transaction.jta.platform.internal.NoJtaPlatform]
2023-09-20T20:27:19.821+02:00  INFO 1859 --- [           main] j.LocalContainerEntityManagerFactoryBean : Initialized JPA EntityManagerFactory for persistence unit 'default'
2023-09-20T20:27:19.927+02:00  WARN 1859 --- [           main] JpaBaseConfiguration$JpaWebConfiguration : spring.jpa.open-in-view is enabled by default. Therefore, database queries may be performed during view rendering. Explicitly configure spring.jpa.open-in-view to disable this warning
2023-09-20T20:27:20.195+02:00  INFO 1859 --- [           main] o.s.b.t.m.w.SpringBootMockServletContext : Initializing Spring TestDispatcherServlet ''
2023-09-20T20:27:20.196+02:00  INFO 1859 --- [           main] o.s.t.web.servlet.TestDispatcherServlet  : Initializing Servlet ''
2023-09-20T20:27:20.197+02:00  INFO 1859 --- [           main] o.s.t.web.servlet.TestDispatcherServlet  : Completed initialization in 0 ms
2023-09-20T20:27:20.212+02:00  INFO 1859 --- [           main] c.d.p.ProductServiceApplicationTests     : Started ProductServiceApplicationTests in 2.564 seconds (process running for 20.607)
2023-09-20T20:27:20.343+02:00  INFO 1859 --- [           main] c.d.p.service.ProductService             : Product 0 is saved
]]></system-out>
  </testcase>
  <testcase name="shouldRetrieveProduct" classname="com.donmba.productservice.ProductServiceApplicationTests" time="0.017">
    <system-out><![CDATA[
MockHttpServletRequest:
      HTTP Method = GET
      Request URI = /api/product
       Parameters = {}
          Headers = []
             Body = null
    Session Attrs = {}

Handler:
             Type = com.donmba.productservice.controller.ProductController
           Method = com.donmba.productservice.controller.ProductController#getAllProducts()

Async:
    Async started = false
     Async result = null

Resolved Exception:
             Type = null

ModelAndView:
        View name = null
             View = null
            Model = null

FlashMap:
       Attributes = null

MockHttpServletResponse:
           Status = 200
    Error message = null
          Headers = [Content-Type:"application/json"]
     Content type = application/json
             Body = []
    Forwarded URL = null
   Redirected URL = null
          Cookies = []
]]></system-out>
  </testcase>
</testsuite>